<?xml version="1.0" encoding="UTF-8"?>
<testng-results skipped="0" failed="0" total="1" passed="1">
  <reporter-output>
  </reporter-output>
  <suite name="Default suite" duration-ms="1859" started-at="2017-08-16T10:43:04Z" finished-at="2017-08-16T10:43:06Z">
    <groups>
    </groups>
    <test name="Default test" duration-ms="1859" started-at="2017-08-16T10:43:04Z" finished-at="2017-08-16T10:43:06Z">
      <class name="com.ian.sblog.dao.UserDaoTest">
        <test-method status="PASS" signature="unitilsBeforeClass()[pri:0, instance:com.ian.sblog.dao.UserDaoTest@1ce92674]" name="unitilsBeforeClass" is-config="true" duration-ms="163" started-at="2017-08-16T18:43:04Z" finished-at="2017-08-16T18:43:04Z">
          <reporter-output>
          </reporter-output>
        </test-method> <!-- unitilsBeforeClass -->
        <test-method status="PASS" signature="unitilsBeforeTestSetUp(java.lang.reflect.Method)[pri:0, instance:com.ian.sblog.dao.UserDaoTest@1ce92674]" name="unitilsBeforeTestSetUp" is-config="true" duration-ms="1548" started-at="2017-08-16T18:43:04Z" finished-at="2017-08-16T18:43:06Z">
          <params>
            <param index="0">
              <value>
                <![CDATA[public void com.ian.sblog.dao.UserDaoTest.findUserByUsernameAndPassword()]]>
              </value>
            </param>
          </params>
          <reporter-output>
          </reporter-output>
        </test-method> <!-- unitilsBeforeTestSetUp -->
        <test-method status="PASS" signature="findUserByUsernameAndPassword()[pri:0, instance:com.ian.sblog.dao.UserDaoTest@1ce92674]" name="findUserByUsernameAndPassword" duration-ms="122" started-at="2017-08-16T18:43:06Z" finished-at="2017-08-16T18:43:06Z">
          <reporter-output>
          </reporter-output>
        </test-method> <!-- findUserByUsernameAndPassword -->
        <test-method status="PASS" signature="unitilsAfterTestTearDown(java.lang.reflect.Method)[pri:0, instance:com.ian.sblog.dao.UserDaoTest@1ce92674]" name="unitilsAfterTestTearDown" is-config="true" duration-ms="7" started-at="2017-08-16T18:43:06Z" finished-at="2017-08-16T18:43:06Z">
          <params>
            <param index="0">
              <value>
                <![CDATA[public void com.ian.sblog.dao.UserDaoTest.findUserByUsernameAndPassword()]]>
              </value>
            </param>
          </params>
          <reporter-output>
          </reporter-output>
        </test-method> <!-- unitilsAfterTestTearDown -->
      </class> <!-- com.ian.sblog.dao.UserDaoTest -->
    </test> <!-- Default test -->
  </suite> <!-- Default suite -->
</testng-results>
